c:\users\hima\documents\visual studio 2015\projects\csvcodec\csvcodec\x64\release\vc140.pdb
c:\users\hima\documents\visual studio 2015\projects\csvcodec\csvcodec\x64\release\csvcodec.obj
c:\users\hima\documents\visual studio 2015\projects\csvcodec\x64\release\csvcodec.lib
c:\users\hima\documents\visual studio 2015\projects\csvcodec\x64\release\csvcodec.exp
c:\users\hima-er\appdata\local\microsoft\applicationinsights\vstelaif-312cbd79-9dbb-4c48-a7da-3cc2a931cb70\20180726071349_258a9901453e4b3fac485536948bc8c5.trn
c:\users\hima\documents\visual studio 2015\projects\csvcodec\x64\release\csvcodec.dll
c:\users\hima\documents\visual studio 2015\projects\csvcodec\x64\release\csvcodec.ipdb
c:\users\hima\documents\visual studio 2015\projects\csvcodec\x64\release\csvcodec.pdb
c:\users\hima\documents\visual studio 2015\projects\csvcodec\x64\release\csvcodec.iobj
c:\users\hima\documents\github\csvcodec\csvcodec\x64\release\csvcodec.obj
c:\users\hima\documents\github\csvcodec\csvcodec\x64\release\vc140.pdb
c:\users\hima\documents\github\csvcodec\x64\release\csvcodec.pdb
c:\users\hima\documents\github\csvcodec\x64\release\csvcodec.dll
c:\users\hima\documents\github\csvcodec\csvcodec\x64\release\csvcodec.tlog\cl.command.1.tlog
c:\users\hima\documents\github\csvcodec\csvcodec\x64\release\csvcodec.tlog\cl.read.1.tlog
c:\users\hima\documents\github\csvcodec\csvcodec\x64\release\csvcodec.tlog\cl.write.1.tlog
c:\users\hima\documents\github\csvcodec\csvcodec\x64\release\csvcodec.tlog\csvcodec.write.1u.tlog
c:\users\hima\documents\github\csvcodec\csvcodec\x64\release\csvcodec.tlog\link-vctip.delete.9.tlog
c:\users\hima\documents\github\csvcodec\csvcodec\x64\release\csvcodec.tlog\link-vctip.read.14.tlog
c:\users\hima\documents\github\csvcodec\csvcodec\x64\release\csvcodec.tlog\link-vctip.read.16.tlog
c:\users\hima\documents\github\csvcodec\csvcodec\x64\release\csvcodec.tlog\link-vctip.read.17.tlog
c:\users\hima\documents\github\csvcodec\csvcodec\x64\release\csvcodec.tlog\link-vctip.read.34.tlog
c:\users\hima\documents\github\csvcodec\csvcodec\x64\release\csvcodec.tlog\link-vctip.read.7.tlog
c:\users\hima\documents\github\csvcodec\csvcodec\x64\release\csvcodec.tlog\link-vctip.read.9.tlog
c:\users\hima\documents\github\csvcodec\csvcodec\x64\release\csvcodec.tlog\link-vctip.write.34.tlog
c:\users\hima\documents\github\csvcodec\csvcodec\x64\release\csvcodec.tlog\link-vctip.write.9.tlog
c:\users\hima\documents\github\csvcodec\csvcodec\x64\release\csvcodec.tlog\link.command.1.tlog
c:\users\hima\documents\github\csvcodec\csvcodec\x64\release\csvcodec.tlog\link.read.1.tlog
c:\users\hima\documents\github\csvcodec\csvcodec\x64\release\csvcodec.tlog\link.write.1.tlog
